\BOOKMARK [0][-]{section*.1}{\376\377\000L\000i\000s\000t\000\040\000o\000f\000\040\000F\000i\000g\000u\000r\000e\000s}{}% 1
\BOOKMARK [0][-]{section*.1}{\376\377\000L\000i\000s\000t\000\040\000o\000f\000\040\000T\000a\000b\000l\000e\000s}{}% 2
\BOOKMARK [0][-]{section*.1}{\376\377\000L\000i\000s\000t\000\040\000o\000f\000\040\000A\000c\000r\000o\000n\000y\000m\000s}{}% 3
\BOOKMARK [0][-]{section*.1}{\376\377\000L\000i\000s\000t\000\040\000o\000f\000\040\000P\000u\000b\000l\000i\000c\000a\000t\000i\000o\000n\000s}{}% 4
\BOOKMARK [0][-]{section*.1}{\376\377\000A\000b\000s\000t\000r\000a\000c\000t}{}% 5
\BOOKMARK [0][-]{chapter*.4}{\376\377\000I\000n\000t\000r\000o\000d\000u\000c\000t\000i\000o\000n}{}% 6
\BOOKMARK [1][-]{section*.5}{\376\377\000B\000a\000c\000k\000g\000r\000o\000u\000n\000d\000\040\000a\000n\000d\000\040\000M\000o\000t\000i\000v\000a\000t\000i\000o\000n}{chapter*.4}% 7
\BOOKMARK [1][-]{section*.8}{\376\377\000C\000o\000d\000e\000-\000M\000i\000x\000i\000n\000g\000\040\000a\000n\000d\000\040\000t\000h\000e\000\040\000H\000i\000n\000g\000l\000i\000s\000h\000\040\000P\000h\000e\000n\000o\000m\000e\000n\000o\000n}{chapter*.4}% 8
\BOOKMARK [1][-]{section*.13}{\376\377\000T\000h\000e\000\040\000D\000i\000g\000i\000t\000a\000l\000\040\000L\000a\000n\000d\000s\000c\000a\000p\000e\000:\000\040\000W\000h\000y\000\040\000H\000i\000n\000g\000l\000i\000s\000h\000\040\000M\000a\000t\000t\000e\000r\000s\000\040\000N\000o\000w}{chapter*.4}% 9
\BOOKMARK [1][-]{section*.16}{\376\377\000P\000r\000o\000b\000l\000e\000m\000\040\000S\000t\000a\000t\000e\000m\000e\000n\000t}{chapter*.4}% 10
\BOOKMARK [1][-]{section*.19}{\376\377\000R\000e\000s\000e\000a\000r\000c\000h\000\040\000Q\000u\000e\000s\000t\000i\000o\000n\000s}{chapter*.4}% 11
\BOOKMARK [1][-]{section*.20}{\376\377\000O\000b\000j\000e\000c\000t\000i\000v\000e\000s}{chapter*.4}% 12
\BOOKMARK [1][-]{section*.27}{\376\377\000C\000o\000n\000t\000r\000i\000b\000u\000t\000i\000o\000n\000s}{chapter*.4}% 13
\BOOKMARK [1][-]{section*.33}{\376\377\000S\000c\000o\000p\000e\000\040\000a\000n\000d\000\040\000L\000i\000m\000i\000t\000a\000t\000i\000o\000n\000s}{chapter*.4}% 14
\BOOKMARK [1][-]{section*.34}{\376\377\000T\000h\000e\000s\000i\000s\000\040\000O\000r\000g\000a\000n\000i\000s\000a\000t\000i\000o\000n}{chapter*.4}% 15
\BOOKMARK [0][-]{chapter*.35}{\376\377\000T\000h\000e\000o\000r\000e\000t\000i\000c\000a\000l\000\040\000B\000a\000c\000k\000g\000r\000o\000u\000n\000d\000\040\000\046\000\040\000L\000i\000t\000e\000r\000a\000t\000u\000r\000e\000\040\000S\000u\000r\000v\000e\000y}{}% 16
\BOOKMARK [1][-]{section*.36}{\376\377\000F\000u\000n\000d\000a\000m\000e\000n\000t\000a\000l\000s\000\040\000o\000f\000\040\000S\000e\000n\000t\000i\000m\000e\000n\000t\000\040\000A\000n\000a\000l\000y\000s\000i\000s}{chapter*.35}% 17
\BOOKMARK [2][-]{subsection*.37}{\376\377\000G\000r\000a\000n\000u\000l\000a\000r\000i\000t\000y\000\040\000L\000e\000v\000e\000l\000s}{section*.36}% 18
\BOOKMARK [2][-]{subsection*.40}{\376\377\000M\000e\000t\000h\000o\000d\000o\000l\000o\000g\000i\000c\000a\000l\000\040\000P\000a\000r\000a\000d\000i\000g\000m\000s}{section*.36}% 19
\BOOKMARK [1][-]{section*.43}{\376\377\000M\000u\000l\000t\000i\000m\000o\000d\000a\000l\000\040\000S\000e\000n\000t\000i\000m\000e\000n\000t\000\040\000A\000n\000a\000l\000y\000s\000i\000s}{chapter*.35}% 20
\BOOKMARK [2][-]{subsection*.44}{\376\377\000W\000h\000y\000\040\000T\000e\000x\000t\000\040\000A\000l\000o\000n\000e\000\040\000I\000s\000\040\000N\000o\000t\000\040\000E\000n\000o\000u\000g\000h}{section*.43}% 21
\BOOKMARK [2][-]{subsection*.47}{\376\377\000B\000e\000n\000c\000h\000m\000a\000r\000k\000\040\000D\000a\000t\000a\000s\000e\000t\000s}{section*.43}% 22
\BOOKMARK [2][-]{subsection*.50}{\376\377\000M\000u\000l\000t\000i\000m\000o\000d\000a\000l\000\040\000F\000u\000s\000i\000o\000n\000\040\000S\000t\000r\000a\000t\000e\000g\000i\000e\000s}{section*.43}% 23
\BOOKMARK [1][-]{section*.53}{\376\377\000A\000t\000t\000e\000n\000t\000i\000o\000n\000\040\000M\000e\000c\000h\000a\000n\000i\000s\000m\000s\000\040\000a\000n\000d\000\040\000T\000r\000a\000n\000s\000f\000o\000r\000m\000e\000r\000\040\000A\000r\000c\000h\000i\000t\000e\000c\000t\000u\000r\000e}{chapter*.35}% 24
\BOOKMARK [2][-]{subsection*.54}{\376\377\000S\000c\000a\000l\000e\000d\000\040\000D\000o\000t\000-\000P\000r\000o\000d\000u\000c\000t\000\040\000A\000t\000t\000e\000n\000t\000i\000o\000n}{section*.53}% 25
\BOOKMARK [2][-]{subsection*.59}{\376\377\000C\000r\000o\000s\000s\000-\000M\000o\000d\000a\000l\000\040\000A\000t\000t\000e\000n\000t\000i\000o\000n\000\040\000i\000n\000\040\000M\000u\000l\000T}{section*.53}% 26
\BOOKMARK [2][-]{subsection*.63}{\376\377\000E\000v\000a\000l\000u\000a\000t\000i\000o\000n\000\040\000M\000e\000t\000r\000i\000c\000s}{section*.53}% 27
\BOOKMARK [1][-]{section*.68}{\376\377\000C\000o\000d\000e\000-\000M\000i\000x\000e\000d\000\040\000L\000a\000n\000g\000u\000a\000g\000e\000\040\000P\000r\000o\000c\000e\000s\000s\000i\000n\000g}{chapter*.35}% 28
\BOOKMARK [2][-]{subsection*.69}{\376\377\000L\000i\000n\000g\000u\000i\000s\000t\000i\000c\000\040\000P\000h\000e\000n\000o\000m\000e\000n\000a}{section*.68}% 29
\BOOKMARK [2][-]{subsection*.70}{\376\377\000C\000h\000a\000l\000l\000e\000n\000g\000e\000s\000\040\000f\000o\000r\000\040\000N\000L\000P\000\040\000S\000y\000s\000t\000e\000m\000s}{section*.68}% 30
\BOOKMARK [2][-]{subsection*.76}{\376\377\000E\000x\000i\000s\000t\000i\000n\000g\000\040\000H\000i\000n\000g\000l\000i\000s\000h\000\040\000a\000n\000d\000\040\000C\000o\000d\000e\000-\000M\000i\000x\000e\000d\000\040\000R\000e\000s\000o\000u\000r\000c\000e\000s}{section*.68}% 31
\BOOKMARK [1][-]{section*.79}{\376\377\000P\000r\000e\000-\000t\000r\000a\000i\000n\000e\000d\000\040\000F\000o\000u\000n\000d\000a\000t\000i\000o\000n\000\040\000M\000o\000d\000e\000l\000s}{chapter*.35}% 32
\BOOKMARK [2][-]{subsection*.80}{\376\377\000B\000E\000R\000T\000\040\000a\000n\000d\000\040\000t\000h\000e\000\040\000R\000i\000s\000e\000\040\000o\000f\000\040\000C\000o\000n\000t\000e\000x\000t\000u\000a\000l\000\040\000R\000e\000p\000r\000e\000s\000e\000n\000t\000a\000t\000i\000o\000n\000s}{section*.79}% 33
\BOOKMARK [2][-]{subsection*.81}{\376\377\000M\000u\000R\000I\000L\000:\000\040\000T\000a\000i\000l\000o\000r\000e\000d\000\040\000f\000o\000r\000\040\000I\000n\000d\000i\000a\000n\000\040\000L\000a\000n\000g\000u\000a\000g\000e\000s}{section*.79}% 34
\BOOKMARK [2][-]{subsection*.82}{\376\377\000w\000a\000v\0002\000v\000e\000c\000\040\0002\000.\0000\000\040\000a\000n\000d\000\040\000X\000L\000S\000R\000-\0005\0003}{section*.79}% 35
\BOOKMARK [2][-]{subsection*.84}{\376\377\000C\000L\000I\000P\000:\000\040\000C\000o\000n\000t\000r\000a\000s\000t\000i\000v\000e\000\040\000L\000a\000n\000g\000u\000a\000g\000e\000-\000I\000m\000a\000g\000e\000\040\000P\000r\000e\000-\000t\000r\000a\000i\000n\000i\000n\000g}{section*.79}% 36
\BOOKMARK [2][-]{subsection*.86}{\376\377\000W\000h\000i\000s\000p\000e\000r\000:\000\040\000R\000o\000b\000u\000s\000t\000\040\000M\000u\000l\000t\000i\000l\000i\000n\000g\000u\000a\000l\000\040\000A\000S\000R}{section*.79}% 37
\BOOKMARK [2][-]{subsection*.87}{\376\377\000C\000o\000m\000p\000a\000r\000i\000s\000o\000n\000\040\000o\000f\000\040\000E\000n\000c\000o\000d\000e\000r\000s\000\040\000U\000s\000e\000d\000\040\000i\000n\000\040\000T\000h\000i\000s\000\040\000T\000h\000e\000s\000i\000s}{section*.79}% 38
\BOOKMARK [1][-]{section*.90}{\376\377\000L\000a\000r\000g\000e\000\040\000L\000a\000n\000g\000u\000a\000g\000e\000\040\000M\000o\000d\000e\000l\000s\000\040\000f\000o\000r\000\040\000A\000n\000n\000o\000t\000a\000t\000i\000o\000n}{chapter*.35}% 39
\BOOKMARK [1][-]{section*.91}{\376\377\000S\000u\000m\000m\000a\000r\000y\000\040\000a\000n\000d\000\040\000R\000e\000s\000e\000a\000r\000c\000h\000\040\000G\000a\000p}{chapter*.35}% 40
\BOOKMARK [0][-]{chapter*.94}{\376\377\000I\000m\000p\000l\000e\000m\000e\000n\000t\000a\000t\000i\000o\000n\000\040\000a\000n\000d\000\040\000P\000r\000o\000p\000o\000s\000e\000d\000\040\000M\000e\000t\000h\000o\000d\000o\000l\000o\000g\000y}{}% 41
\BOOKMARK [1][-]{section*.95}{\376\377\000S\000y\000s\000t\000e\000m\000\040\000O\000v\000e\000r\000v\000i\000e\000w}{chapter*.94}% 42
\BOOKMARK [1][-]{section*.98}{\376\377\000H\000i\000n\000g\000l\000i\000s\000h\000M\000S\000A\000\040\000D\000a\000t\000a\000s\000e\000t\000\040\000C\000o\000n\000s\000t\000r\000u\000c\000t\000i\000o\000n}{chapter*.94}% 43
\BOOKMARK [2][-]{subsection*.99}{\376\377\000S\000o\000u\000r\000c\000e\000\040\000S\000e\000l\000e\000c\000t\000i\000o\000n\000\040\000a\000n\000d\000\040\000D\000a\000t\000a\000\040\000C\000o\000l\000l\000e\000c\000t\000i\000o\000n\000\040\000S\000t\000r\000a\000t\000e\000g\000y}{section*.98}% 44
\BOOKMARK [2][-]{subsection*.102}{\376\377\000D\000o\000w\000n\000l\000o\000a\000d\000\040\000a\000n\000d\000\040\000F\000r\000a\000m\000e\000\040\000E\000x\000t\000r\000a\000c\000t\000i\000o\000n}{section*.98}% 45
\BOOKMARK [2][-]{subsection*.103}{\376\377\000A\000u\000d\000i\000o\000\040\000S\000e\000g\000m\000e\000n\000t\000a\000t\000i\000o\000n}{section*.98}% 46
\BOOKMARK [2][-]{subsection*.104}{\376\377\000F\000a\000c\000e\000\040\000D\000e\000t\000e\000c\000t\000i\000o\000n\000\040\000a\000n\000d\000\040\000V\000i\000s\000u\000a\000l\000\040\000F\000i\000l\000t\000e\000r\000i\000n\000g}{section*.98}% 47
\BOOKMARK [2][-]{subsection*.105}{\376\377\000T\000r\000a\000n\000s\000c\000r\000i\000p\000t\000i\000o\000n\000\040\000w\000i\000t\000h\000\040\000W\000h\000i\000s\000p\000e\000r}{section*.98}% 48
\BOOKMARK [2][-]{subsection*.106}{\376\377\000H\000i\000n\000g\000l\000i\000s\000h\000\040\000D\000e\000t\000e\000c\000t\000i\000o\000n\000\040\000A\000l\000g\000o\000r\000i\000t\000h\000m}{section*.98}% 49
\BOOKMARK [2][-]{subsection*.114}{\376\377\000L\000L\000M\000-\000B\000a\000s\000e\000d\000\040\000S\000e\000n\000t\000i\000m\000e\000n\000t\000\040\000A\000n\000n\000o\000t\000a\000t\000i\000o\000n}{section*.98}% 50
\BOOKMARK [3][-]{subsubsection*.115}{\376\377\000A\000n\000n\000o\000t\000a\000t\000i\000o\000n\000\040\000S\000t\000r\000a\000t\000e\000g\000y}{subsection*.114}% 51
\BOOKMARK [3][-]{subsubsection*.116}{\376\377\000P\000r\000o\000m\000p\000t\000\040\000D\000e\000s\000i\000g\000n}{subsection*.114}% 52
\BOOKMARK [3][-]{subsubsection*.117}{\376\377\000C\000o\000n\000f\000i\000d\000e\000n\000c\000e\000\040\000S\000t\000r\000a\000t\000i\000f\000i\000c\000a\000t\000i\000o\000n}{subsection*.114}% 53
\BOOKMARK [3][-]{subsubsection*.118}{\376\377\000A\000n\000n\000o\000t\000a\000t\000i\000o\000n\000\040\000R\000e\000s\000u\000l\000t\000s}{subsection*.114}% 54
\BOOKMARK [2][-]{subsection*.119}{\376\377\000T\000e\000s\000t\000\040\000S\000e\000t\000\040\000C\000o\000n\000s\000t\000r\000u\000c\000t\000i\000o\000n}{section*.98}% 55
\BOOKMARK [2][-]{subsection*.120}{\376\377\000D\000a\000t\000a\000s\000e\000t\000\040\000S\000t\000a\000t\000i\000s\000t\000i\000c\000s}{section*.98}% 56
\BOOKMARK [1][-]{section*.127}{\376\377\000F\000e\000a\000t\000u\000r\000e\000\040\000E\000x\000t\000r\000a\000c\000t\000i\000o\000n}{chapter*.94}% 57
\BOOKMARK [2][-]{subsection*.130}{\376\377\000T\000e\000x\000t\000\040\000F\000e\000a\000t\000u\000r\000e\000s\000:\000\040\000M\000u\000R\000I\000L}{section*.127}% 58
\BOOKMARK [2][-]{subsection*.131}{\376\377\000A\000u\000d\000i\000o\000\040\000F\000e\000a\000t\000u\000r\000e\000s\000:\000\040\000w\000a\000v\0002\000v\000e\000c\0002\000-\000X\000L\000S\000R\000-\0005\0003}{section*.127}% 59
\BOOKMARK [2][-]{subsection*.132}{\376\377\000V\000i\000s\000u\000a\000l\000\040\000F\000e\000a\000t\000u\000r\000e\000s\000:\000\040\000C\000L\000I\000P}{section*.127}% 60
\BOOKMARK [1][-]{section*.135}{\376\377\000M\000u\000l\000T\000H\000i\000n\000g\000l\000i\000s\000h\000\040\000M\000o\000d\000e\000l\000\040\000A\000r\000c\000h\000i\000t\000e\000c\000t\000u\000r\000e}{chapter*.94}% 61
\BOOKMARK [2][-]{subsection*.138}{\376\377\000M\000o\000d\000a\000l\000i\000t\000y\000\040\000P\000r\000o\000j\000e\000c\000t\000i\000o\000n}{section*.135}% 62
\BOOKMARK [2][-]{subsection*.139}{\376\377\000D\000i\000r\000e\000c\000t\000i\000o\000n\000a\000l\000\040\000C\000r\000o\000s\000s\000-\000M\000o\000d\000a\000l\000\040\000A\000t\000t\000e\000n\000t\000i\000o\000n\000\040\000L\000a\000y\000e\000r\000s}{section*.135}% 63
\BOOKMARK [2][-]{subsection*.146}{\376\377\000F\000u\000s\000i\000o\000n\000\040\000a\000n\000d\000\040\000P\000r\000e\000d\000i\000c\000t\000i\000o\000n\000\040\000H\000e\000a\000d}{section*.135}% 64
\BOOKMARK [2][-]{subsection*.150}{\376\377\000P\000a\000r\000a\000m\000e\000t\000e\000r\000\040\000C\000o\000u\000n\000t\000\040\000A\000n\000a\000l\000y\000s\000i\000s}{section*.135}% 65
\BOOKMARK [1][-]{section*.153}{\376\377\000T\000r\000a\000i\000n\000i\000n\000g\000\040\000P\000r\000o\000c\000e\000d\000u\000r\000e}{chapter*.94}% 66
\BOOKMARK [2][-]{subsection*.154}{\376\377\000D\000a\000t\000a\000\040\000S\000p\000l\000i\000t\000s}{section*.153}% 67
\BOOKMARK [2][-]{subsection*.157}{\376\377\000O\000p\000t\000i\000m\000i\000s\000a\000t\000i\000o\000n\000\040\000C\000o\000n\000f\000i\000g\000u\000r\000a\000t\000i\000o\000n}{section*.153}% 68
\BOOKMARK [2][-]{subsection*.162}{\376\377\000T\000r\000a\000i\000n\000i\000n\000g\000\040\000I\000n\000f\000r\000a\000s\000t\000r\000u\000c\000t\000u\000r\000e}{section*.153}% 69
\BOOKMARK [1][-]{section*.163}{\376\377\000E\000x\000p\000e\000r\000i\000m\000e\000n\000t\000a\000l\000\040\000C\000o\000n\000f\000i\000g\000u\000r\000a\000t\000i\000o\000n\000s}{chapter*.94}% 70
\BOOKMARK [1][-]{section*.168}{\376\377\000I\000m\000p\000l\000e\000m\000e\000n\000t\000a\000t\000i\000o\000n\000\040\000D\000e\000t\000a\000i\000l\000s\000\040\000a\000n\000d\000\040\000R\000e\000p\000r\000o\000d\000u\000c\000i\000b\000i\000l\000i\000t\000y}{chapter*.94}% 71
\BOOKMARK [2][-]{subsection*.169}{\376\377\000S\000o\000f\000t\000w\000a\000r\000e\000\040\000S\000t\000a\000c\000k}{section*.168}% 72
\BOOKMARK [2][-]{subsection*.170}{\376\377\000R\000e\000p\000r\000o\000d\000u\000c\000i\000b\000i\000l\000i\000t\000y\000\040\000M\000e\000a\000s\000u\000r\000e\000s}{section*.168}% 73
\BOOKMARK [0][-]{chapter*.171}{\376\377\000R\000e\000s\000u\000l\000t\000s\000,\000\040\000A\000n\000a\000l\000y\000s\000i\000s\000\040\000a\000n\000d\000\040\000C\000o\000n\000c\000l\000u\000s\000i\000o\000n}{}% 74
\BOOKMARK [1][-]{section*.172}{\376\377\000E\000x\000p\000e\000r\000i\000m\000e\000n\000t\000a\000l\000\040\000S\000e\000t\000u\000p}{chapter*.171}% 75
\BOOKMARK [2][-]{subsection*.173}{\376\377\000E\000v\000a\000l\000u\000a\000t\000i\000o\000n\000\040\000M\000e\000t\000r\000i\000c\000s}{section*.172}% 76
\BOOKMARK [2][-]{subsection*.174}{\376\377\000E\000x\000p\000e\000r\000i\000m\000e\000n\000t\000a\000l\000\040\000C\000o\000n\000f\000i\000g\000u\000r\000a\000t\000i\000o\000n\000s}{section*.172}% 77
\BOOKMARK [2][-]{subsection*.177}{\376\377\000H\000y\000p\000e\000r\000p\000a\000r\000a\000m\000e\000t\000e\000r\000\040\000C\000o\000n\000f\000i\000g\000u\000r\000a\000t\000i\000o\000n}{section*.172}% 78
\BOOKMARK [1][-]{section*.180}{\376\377\000E\000x\000p\000e\000r\000i\000m\000e\000n\000t\000a\000l\000\040\000R\000e\000s\000u\000l\000t\000s}{chapter*.171}% 79
\BOOKMARK [2][-]{subsection*.181}{\376\377\000M\000a\000i\000n\000\040\000R\000e\000s\000u\000l\000t\000s}{section*.180}% 80
\BOOKMARK [2][-]{subsection*.188}{\376\377\000P\000e\000r\000-\000E\000x\000p\000e\000r\000i\000m\000e\000n\000t\000\040\000A\000n\000a\000l\000y\000s\000i\000s}{section*.180}% 81
\BOOKMARK [2][-]{subsection*.189}{\376\377\000C\000o\000n\000v\000e\000r\000g\000e\000n\000c\000e\000\040\000B\000e\000h\000a\000v\000i\000o\000u\000r}{section*.180}% 82
\BOOKMARK [1][-]{section*.192}{\376\377\000A\000n\000a\000l\000y\000s\000i\000s\000\040\000a\000n\000d\000\040\000D\000i\000s\000c\000u\000s\000s\000i\000o\000n}{chapter*.171}% 83
\BOOKMARK [2][-]{subsection*.193}{\376\377\000M\000u\000l\000t\000i\000m\000o\000d\000a\000l\000\040\000F\000u\000s\000i\000o\000n\000\040\000i\000s\000\040\000I\000n\000d\000i\000s\000p\000e\000n\000s\000a\000b\000l\000e}{section*.192}% 84
\BOOKMARK [2][-]{subsection*.196}{\376\377\000A\000n\000n\000o\000t\000a\000t\000i\000o\000n\000\040\000Q\000u\000a\000l\000i\000t\000y\000\040\000a\000n\000d\000\040\000t\000h\000e\000\040\000C\000a\000s\000e\000\040\000f\000o\000r\000\040\000C\000o\000n\000f\000i\000d\000e\000n\000c\000e\000\040\000S\000t\000r\000a\000t\000i\000f\000i\000c\000a\000t\000i\000o\000n}{section*.192}% 85
\BOOKMARK [2][-]{subsection*.197}{\376\377\000P\000e\000r\000f\000o\000r\000m\000a\000n\000c\000e\000\040\000G\000a\000p\000\040\000R\000e\000l\000a\000t\000i\000v\000e\000\040\000t\000o\000\040\000E\000n\000g\000l\000i\000s\000h\000\040\000B\000e\000n\000c\000h\000m\000a\000r\000k\000s}{section*.192}% 86
\BOOKMARK [2][-]{subsection*.201}{\376\377\000E\000r\000r\000o\000r\000\040\000A\000n\000a\000l\000y\000s\000i\000s}{section*.192}% 87
\BOOKMARK [2][-]{subsection*.204}{\376\377\000C\000r\000o\000s\000s\000-\000M\000o\000d\000a\000l\000\040\000C\000o\000n\000t\000r\000i\000b\000u\000t\000i\000o\000n\000\040\000S\000u\000m\000m\000a\000r\000y}{section*.192}% 88
\BOOKMARK [1][-]{section*.207}{\376\377\000R\000e\000s\000e\000a\000r\000c\000h\000\040\000C\000o\000n\000t\000r\000i\000b\000u\000t\000i\000o\000n\000s\000\040\000a\000n\000d\000\040\000B\000r\000o\000a\000d\000e\000r\000\040\000I\000m\000p\000a\000c\000t}{chapter*.171}% 89
\BOOKMARK [1][-]{section*.210}{\376\377\000C\000o\000n\000c\000l\000u\000s\000i\000o\000n}{chapter*.171}% 90
\BOOKMARK [1][-]{section*.215}{\376\377\000F\000u\000t\000u\000r\000e\000\040\000W\000o\000r\000k}{chapter*.171}% 91
\BOOKMARK [0][-]{chapter*.224}{\376\377\000\040\000B\000i\000b\000l\000i\000o\000g\000r\000a\000p\000h\000y}{}% 92
\BOOKMARK [0][-]{chapter*.225}{\376\377\000A\000p\000p\000e\000n\000d\000i\000x\000\040\000H\000i\000n\000g\000l\000i\000s\000h\000M\000S\000A\000:\000\040\000T\000e\000c\000h\000n\000i\000c\000a\000l\000\040\000S\000p\000e\000c\000i\000f\000i\000c\000a\000t\000i\000o\000n\000s}{}% 93
\BOOKMARK [1][-]{section*.226}{\376\377\000M\000o\000d\000e\000l\000\040\000H\000y\000p\000e\000r\000p\000a\000r\000a\000m\000e\000t\000e\000r\000s}{chapter*.225}% 94
\BOOKMARK [1][-]{section*.229}{\376\377\000P\000r\000e\000-\000t\000r\000a\000i\000n\000e\000d\000\040\000M\000o\000d\000e\000l\000\040\000S\000p\000e\000c\000i\000f\000i\000c\000a\000t\000i\000o\000n\000s}{chapter*.225}% 95
\BOOKMARK [1][-]{section*.232}{\376\377\000D\000a\000t\000a\000s\000e\000t\000\040\000C\000o\000n\000s\000t\000r\000u\000c\000t\000i\000o\000n\000\040\000T\000i\000m\000e\000l\000i\000n\000e}{chapter*.225}% 96
\BOOKMARK [1][-]{section*.235}{\376\377\000F\000e\000a\000t\000u\000r\000e\000\040\000F\000i\000l\000e\000\040\000I\000n\000v\000e\000n\000t\000o\000r\000y}{chapter*.225}% 97
